# JRE version: OpenJDK Runtime Environment (17.0.6) (build 17.0.6+0-b2043.56-9586694)
# Java VM: OpenJDK 64-Bit Server VM (17.0.6+0-b2043.56-9586694, mixed mode, tiered, compressed oops, compressed class ptrs, g1 gc, windows-amd64)
GC Precious Log:
 CPUs: 8 total, 8 available
 Memory: 12168M
 Large Page Support: Disabled
 NUMA Support: Disabled
 Compressed Oops: Enabled (32-bit)
 Heap Region Size: 1M
 Heap Min Capacity: 8M
 Heap Initial Capacity: 192M
 Heap Max Capacity: 2G
 Pre-touch: Disabled
 Parallel Workers: 8
 Concurrent Workers: 2
 Concurrent Refinement Workers: 8
 Periodic GC: Disabled
Heap:
 garbage-first heap   total 384000K, used 132886K [0x0000000080000000, 0x0000000100000000)
  region size 1024K, 2 young (2048K), 2 survivors (2048K)
 Metaspace       used 136442K, committed 137280K, reserved 1171456K
  class space    used 18395K, committed 18816K, reserved 1048576K
GC Heap History (20 events):
Event: 21.808 GC heap after
{Heap after GC invocations=37 (full 0):
 garbage-first heap   total 384000K, used 158293K [0x0000000080000000, 0x0000000100000000)
  region size 1024K, 11 young (11264K), 11 survivors (11264K)
 Metaspace       used 125859K, committed 126656K, reserved 1163264K
  class space    used 17476K, committed 17856K, reserved 1048576K
}
Event: 21.812 GC heap before
{Heap before GC invocations=37 (full 0):
 garbage-first heap   total 384000K, used 160341K [0x0000000080000000, 0x0000000100000000)
  region size 1024K, 12 young (12288K), 11 survivors (11264K)
 Metaspace       used 125859K, committed 126656K, reserved 1163264K
  class space    used 17476K, committed 17856K, reserved 1048576K
}
Event: 21.823 GC heap after
{Heap after GC invocations=38 (full 0):
 garbage-first heap   total 384000K, used 159072K [0x0000000080000000, 0x0000000100000000)
  region size 1024K, 12 young (12288K), 12 survivors (12288K)
 Metaspace       used 125859K, committed 126656K, reserved 1163264K
  class space    used 17476K, committed 17856K, reserved 1048576K
}
Event: 530.892 GC heap before
{Heap before GC invocations=39 (full 0):
 garbage-first heap   total 384000K, used 356704K [0x0000000080000000, 0x0000000100000000)
  region size 1024K, 178 young (182272K), 12 survivors (12288K)
 Metaspace       used 127556K, committed 128384K, reserved 1163264K
  class space    used 17613K, committed 17984K, reserved 1048576K
}
Event: 530.913 GC heap after
{Heap after GC invocations=40 (full 0):
 garbage-first heap   total 384000K, used 144907K [0x0000000080000000, 0x0000000100000000)
  region size 1024K, 22 young (22528K), 22 survivors (22528K)
 Metaspace       used 127556K, committed 128384K, reserved 1163264K
  class space    used 17613K, committed 17984K, reserved 1048576K
}
Event: 530.925 GC heap before
{Heap before GC invocations=40 (full 0):
 garbage-first heap   total 384000K, used 144907K [0x0000000080000000, 0x0000000100000000)
  region size 1024K, 23 young (23552K), 22 survivors (22528K)
 Metaspace       used 127595K, committed 128448K, reserved 1163264K
  class space    used 17613K, committed 17984K, reserved 1048576K
}
Event: 530.942 GC heap after
{Heap after GC invocations=41 (full 0):
 garbage-first heap   total 384000K, used 137697K [0x0000000080000000, 0x0000000100000000)
  region size 1024K, 2 young (2048K), 2 survivors (2048K)
 Metaspace       used 127595K, committed 128448K, reserved 1163264K
  class space    used 17613K, committed 17984K, reserved 1048576K
}
Event: 531.284 GC heap before
{Heap before GC invocations=41 (full 0):
 garbage-first heap   total 384000K, used 163297K [0x0000000080000000, 0x0000000100000000)
  region size 1024K, 29 young (29696K), 2 survivors (2048K)
 Metaspace       used 127842K, committed 128640K, reserved 1163264K
  class space    used 17615K, committed 17984K, reserved 1048576K
}
Event: 531.287 GC heap after
{Heap after GC invocations=42 (full 0):
 garbage-first heap   total 384000K, used 137716K [0x0000000080000000, 0x0000000100000000)
  region size 1024K, 2 young (2048K), 2 survivors (2048K)
 Metaspace       used 127842K, committed 128640K, reserved 1163264K
  class space    used 17615K, committed 17984K, reserved 1048576K
}
Event: 2308.749 GC heap before
{Heap before GC invocations=43 (full 0):
 garbage-first heap   total 384000K, used 370164K [0x0000000080000000, 0x0000000100000000)
  region size 1024K, 157 young (160768K), 2 survivors (2048K)
 Metaspace       used 132955K, committed 133824K, reserved 1171456K
  class space    used 18144K, committed 18560K, reserved 1048576K
}
Event: 2308.762 GC heap after
{Heap after GC invocations=44 (full 0):
 garbage-first heap   total 384000K, used 135252K [0x0000000080000000, 0x0000000100000000)
  region size 1024K, 9 young (9216K), 9 survivors (9216K)
 Metaspace       used 132955K, committed 133824K, reserved 1171456K
  class space    used 18144K, committed 18560K, reserved 1048576K
}
Event: 2308.857 GC heap before
{Heap before GC invocations=44 (full 0):
 garbage-first heap   total 384000K, used 143444K [0x0000000080000000, 0x0000000100000000)
  region size 1024K, 18 young (18432K), 9 survivors (9216K)
 Metaspace       used 133629K, committed 134528K, reserved 1171456K
  class space    used 18228K, committed 18624K, reserved 1048576K
}
Event: 2308.871 GC heap after
{Heap after GC invocations=45 (full 0):
 garbage-first heap   total 384000K, used 130844K [0x0000000080000000, 0x0000000100000000)
  region size 1024K, 2 young (2048K), 2 survivors (2048K)
 Metaspace       used 133629K, committed 134528K, reserved 1171456K
  class space    used 18228K, committed 18624K, reserved 1048576K
}
Event: 2313.557 GC heap before
{Heap before GC invocations=45 (full 0):
 garbage-first heap   total 384000K, used 225052K [0x0000000080000000, 0x0000000100000000)
  region size 1024K, 96 young (98304K), 2 survivors (2048K)
 Metaspace       used 135254K, committed 136128K, reserved 1171456K
  class space    used 18386K, committed 18816K, reserved 1048576K
}
Event: 2313.568 GC heap after
{Heap after GC invocations=46 (full 0):
 garbage-first heap   total 384000K, used 140238K [0x0000000080000000, 0x0000000100000000)
  region size 1024K, 11 young (11264K), 11 survivors (11264K)
 Metaspace       used 135254K, committed 136128K, reserved 1171456K
  class space    used 18386K, committed 18816K, reserved 1048576K
}
Event: 2315.665 GC heap before
{Heap before GC invocations=47 (full 0):
 garbage-first heap   total 384000K, used 318414K [0x0000000080000000, 0x0000000100000000)
  region size 1024K, 182 young (186368K), 11 survivors (11264K)
 Metaspace       used 135776K, committed 136640K, reserved 1171456K
  class space    used 18388K, committed 18816K, reserved 1048576K
}
Event: 2315.681 GC heap after
{Heap after GC invocations=48 (full 0):
 garbage-first heap   total 384000K, used 149046K [0x0000000080000000, 0x0000000100000000)
  region size 1024K, 18 young (18432K), 18 survivors (18432K)
 Metaspace       used 135776K, committed 136640K, reserved 1171456K
  class space    used 18388K, committed 18816K, reserved 1048576K
}
Event: 2315.695 GC heap before
{Heap before GC invocations=48 (full 0):
 garbage-first heap   total 384000K, used 150070K [0x0000000080000000, 0x0000000100000000)
  region size 1024K, 19 young (19456K), 18 survivors (18432K)
 Metaspace       used 135776K, committed 136640K, reserved 1171456K
  class space    used 18388K, committed 18816K, reserved 1048576K
}
Event: 2315.756 GC heap after
{Heap after GC invocations=49 (full 0):
 garbage-first heap   total 384000K, used 133078K [0x0000000080000000, 0x0000000100000000)
  region size 1024K, 2 young (2048K), 2 survivors (2048K)
 Metaspace       used 135776K, committed 136640K, reserved 1171456K
  class space    used 18388K, committed 18816K, reserved 1048576K
}
Event: 2316.378 GC heap before
{Heap before GC invocations=49 (full 0):
 garbage-first heap   total 384000K, used 174038K [0x0000000080000000, 0x0000000100000000)
  region size 1024K, 44 young (45056K), 2 survivors (2048K)
 Metaspace       used 136442K, committed 137280K, reserved 1171456K
  class space    used 18395K, committed 18816K, reserved 1048576K
}

