# JRE version: OpenJDK Runtime Environment (17.0.6) (build 17.0.6+0-b2043.56-9586694)
# Java VM: OpenJDK 64-Bit Server VM (17.0.6+0-b2043.56-9586694, mixed mode, tiered, compressed oops, compressed class ptrs, g1 gc, windows-amd64)
GC Precious Log:
 CPUs: 8 total, 8 available
 Memory: 12168M
 Large Page Support: Disabled
 NUMA Support: Disabled
 Compressed Oops: Enabled (32-bit)
 Heap Region Size: 1M
 Heap Min Capacity: 8M
 Heap Initial Capacity: 192M
 Heap Max Capacity: 2G
 Pre-touch: Disabled
 Parallel Workers: 8
 Concurrent Workers: 2
 Concurrent Refinement Workers: 8
 Periodic GC: Disabled
Heap:
 garbage-first heap   total 285696K, used 138002K [0x0000000080000000, 0x0000000100000000)
  region size 1024K, 3 young (3072K), 3 survivors (3072K)
 Metaspace       used 132375K, committed 133376K, reserved 1171456K
  class space    used 18168K, committed 18624K, reserved 1048576K
GC Heap History (20 events):
Event: 1396.563 GC heap after
{Heap after GC invocations=48 (full 0):
 garbage-first heap   total 233472K, used 133098K [0x0000000080000000, 0x0000000100000000)
  region size 1024K, 2 young (2048K), 2 survivors (2048K)
 Metaspace       used 128156K, committed 128960K, reserved 1163264K
  class space    used 17785K, committed 18176K, reserved 1048576K
}
Event: 1397.410 GC heap before
{Heap before GC invocations=48 (full 0):
 garbage-first heap   total 233472K, used 190442K [0x0000000080000000, 0x0000000100000000)
  region size 1024K, 58 young (59392K), 2 survivors (2048K)
 Metaspace       used 130798K, committed 131712K, reserved 1163264K
  class space    used 18084K, committed 18496K, reserved 1048576K
}
Event: 1397.419 GC heap after
{Heap after GC invocations=49 (full 0):
 garbage-first heap   total 233472K, used 141308K [0x0000000080000000, 0x0000000100000000)
  region size 1024K, 8 young (8192K), 8 survivors (8192K)
 Metaspace       used 130798K, committed 131712K, reserved 1163264K
  class space    used 18084K, committed 18496K, reserved 1048576K
}
Event: 1398.030 GC heap before
{Heap before GC invocations=50 (full 0):
 garbage-first heap   total 252928K, used 190460K [0x0000000080000000, 0x0000000100000000)
  region size 1024K, 55 young (56320K), 8 survivors (8192K)
 Metaspace       used 131207K, committed 132096K, reserved 1163264K
  class space    used 18116K, committed 18560K, reserved 1048576K
}
Event: 1398.041 GC heap after
{Heap after GC invocations=51 (full 0):
 garbage-first heap   total 252928K, used 147695K [0x0000000080000000, 0x0000000100000000)
  region size 1024K, 7 young (7168K), 7 survivors (7168K)
 Metaspace       used 131207K, committed 132096K, reserved 1163264K
  class space    used 18116K, committed 18560K, reserved 1048576K
}
Event: 1398.053 GC heap before
{Heap before GC invocations=51 (full 0):
 garbage-first heap   total 252928K, used 152815K [0x0000000080000000, 0x0000000100000000)
  region size 1024K, 12 young (12288K), 7 survivors (7168K)
 Metaspace       used 131263K, committed 132160K, reserved 1163264K
  class space    used 18116K, committed 18560K, reserved 1048576K
}
Event: 1398.064 GC heap after
{Heap after GC invocations=52 (full 0):
 garbage-first heap   total 252928K, used 147602K [0x0000000080000000, 0x0000000100000000)
  region size 1024K, 2 young (2048K), 2 survivors (2048K)
 Metaspace       used 131263K, committed 132160K, reserved 1163264K
  class space    used 18116K, committed 18560K, reserved 1048576K
}
Event: 1398.318 GC heap before
{Heap before GC invocations=52 (full 0):
 garbage-first heap   total 252928K, used 194706K [0x0000000080000000, 0x0000000100000000)
  region size 1024K, 50 young (51200K), 2 survivors (2048K)
 Metaspace       used 131468K, committed 132352K, reserved 1163264K
  class space    used 18116K, committed 18560K, reserved 1048576K
}
Event: 1398.323 GC heap after
{Heap after GC invocations=53 (full 0):
 garbage-first heap   total 252928K, used 149430K [0x0000000080000000, 0x0000000100000000)
  region size 1024K, 4 young (4096K), 4 survivors (4096K)
 Metaspace       used 131468K, committed 132352K, reserved 1163264K
  class space    used 18116K, committed 18560K, reserved 1048576K
}
Event: 1514.531 GC heap before
{Heap before GC invocations=54 (full 0):
 garbage-first heap   total 285696K, used 269238K [0x0000000080000000, 0x0000000100000000)
  region size 1024K, 57 young (58368K), 4 survivors (4096K)
 Metaspace       used 131708K, committed 132608K, reserved 1163264K
  class space    used 18124K, committed 18560K, reserved 1048576K
}
Event: 1514.535 GC heap after
{Heap after GC invocations=55 (full 0):
 garbage-first heap   total 285696K, used 147207K [0x0000000080000000, 0x0000000100000000)
  region size 1024K, 2 young (2048K), 2 survivors (2048K)
 Metaspace       used 131708K, committed 132608K, reserved 1163264K
  class space    used 18124K, committed 18560K, reserved 1048576K
}
Event: 1540.157 GC heap before
{Heap before GC invocations=55 (full 0):
 garbage-first heap   total 285696K, used 158471K [0x0000000080000000, 0x0000000100000000)
  region size 1024K, 13 young (13312K), 2 survivors (2048K)
 Metaspace       used 131818K, committed 132672K, reserved 1163264K
  class space    used 18137K, committed 18560K, reserved 1048576K
}
Event: 1540.167 GC heap after
{Heap after GC invocations=56 (full 0):
 garbage-first heap   total 285696K, used 131269K [0x0000000080000000, 0x0000000100000000)
  region size 1024K, 2 young (2048K), 2 survivors (2048K)
 Metaspace       used 131818K, committed 132672K, reserved 1163264K
  class space    used 18137K, committed 18560K, reserved 1048576K
}
Event: 1540.547 GC heap before
{Heap before GC invocations=56 (full 0):
 garbage-first heap   total 285696K, used 171205K [0x0000000080000000, 0x0000000100000000)
  region size 1024K, 43 young (44032K), 2 survivors (2048K)
 Metaspace       used 132070K, committed 132992K, reserved 1163264K
  class space    used 18145K, committed 18560K, reserved 1048576K
}
Event: 1540.556 GC heap after
{Heap after GC invocations=57 (full 0):
 garbage-first heap   total 285696K, used 136154K [0x0000000080000000, 0x0000000100000000)
  region size 1024K, 7 young (7168K), 7 survivors (7168K)
 Metaspace       used 132070K, committed 132992K, reserved 1163264K
  class space    used 18145K, committed 18560K, reserved 1048576K
}
Event: 1543.135 GC heap before
{Heap before GC invocations=58 (full 0):
 garbage-first heap   total 285696K, used 242650K [0x0000000080000000, 0x0000000100000000)
  region size 1024K, 93 young (95232K), 7 survivors (7168K)
 Metaspace       used 132302K, committed 133248K, reserved 1171456K
  class space    used 18163K, committed 18624K, reserved 1048576K
}
Event: 1543.148 GC heap after
{Heap after GC invocations=59 (full 0):
 garbage-first heap   total 285696K, used 142887K [0x0000000080000000, 0x0000000100000000)
  region size 1024K, 12 young (12288K), 12 survivors (12288K)
 Metaspace       used 132302K, committed 133248K, reserved 1171456K
  class space    used 18163K, committed 18624K, reserved 1048576K
}
Event: 1543.151 GC heap before
{Heap before GC invocations=59 (full 0):
 garbage-first heap   total 285696K, used 143911K [0x0000000080000000, 0x0000000100000000)
  region size 1024K, 13 young (13312K), 12 survivors (12288K)
 Metaspace       used 132302K, committed 133248K, reserved 1171456K
  class space    used 18163K, committed 18624K, reserved 1048576K
}
Event: 1543.169 GC heap after
{Heap after GC invocations=60 (full 0):
 garbage-first heap   total 285696K, used 136867K [0x0000000080000000, 0x0000000100000000)
  region size 1024K, 2 young (2048K), 2 survivors (2048K)
 Metaspace       used 132302K, committed 133248K, reserved 1171456K
  class space    used 18163K, committed 18624K, reserved 1048576K
}
Event: 1543.374 GC heap before
{Heap before GC invocations=60 (full 0):
 garbage-first heap   total 285696K, used 169635K [0x0000000080000000, 0x0000000100000000)
  region size 1024K, 36 young (36864K), 2 survivors (2048K)
 Metaspace       used 132375K, committed 133376K, reserved 1171456K
  class space    used 18168K, committed 18624K, reserved 1048576K
}

