# JRE version: OpenJDK Runtime Environment (17.0.6) (build 17.0.6+0-b2043.56-9586694)
# Java VM: OpenJDK 64-Bit Server VM (17.0.6+0-b2043.56-9586694, mixed mode, tiered, compressed oops, compressed class ptrs, g1 gc, windows-amd64)
GC Precious Log:
 CPUs: 8 total, 8 available
 Memory: 12168M
 Large Page Support: Disabled
 NUMA Support: Disabled
 Compressed Oops: Enabled (32-bit)
 Heap Region Size: 1M
 Heap Min Capacity: 8M
 Heap Initial Capacity: 192M
 Heap Max Capacity: 2G
 Pre-touch: Disabled
 Parallel Workers: 8
 Concurrent Workers: 2
 Concurrent Refinement Workers: 8
 Periodic GC: Disabled
Heap:
 garbage-first heap   total 317440K, used 122104K [0x0000000080000000, 0x0000000100000000)
  region size 1024K, 5 young (5120K), 5 survivors (5120K)
 Metaspace       used 104715K, committed 105984K, reserved 1146880K
  class space    used 13944K, committed 14528K, reserved 1048576K
GC Heap History (20 events):
Event: 717.337 GC heap after
{Heap after GC invocations=56 (full 0):
 garbage-first heap   total 317440K, used 119337K [0x0000000080000000, 0x0000000100000000)
  region size 1024K, 2 young (2048K), 2 survivors (2048K)
 Metaspace       used 103124K, committed 104064K, reserved 1146880K
  class space    used 13743K, committed 14208K, reserved 1048576K
}
Event: 719.178 GC heap before
{Heap before GC invocations=56 (full 0):
 garbage-first heap   total 317440K, used 173609K [0x0000000080000000, 0x0000000100000000)
  region size 1024K, 57 young (58368K), 2 survivors (2048K)
 Metaspace       used 103187K, committed 104128K, reserved 1146880K
  class space    used 13744K, committed 14208K, reserved 1048576K
}
Event: 719.183 GC heap after
{Heap after GC invocations=57 (full 0):
 garbage-first heap   total 317440K, used 123053K [0x0000000080000000, 0x0000000100000000)
  region size 1024K, 5 young (5120K), 5 survivors (5120K)
 Metaspace       used 103187K, committed 104128K, reserved 1146880K
  class space    used 13744K, committed 14208K, reserved 1048576K
}
Event: 816.888 GC heap before
{Heap before GC invocations=58 (full 0):
 garbage-first heap   total 317440K, used 296109K [0x0000000080000000, 0x0000000100000000)
  region size 1024K, 110 young (112640K), 5 survivors (5120K)
 Metaspace       used 103482K, committed 104384K, reserved 1146880K
  class space    used 13757K, committed 14208K, reserved 1048576K
}
Event: 816.898 GC heap after
{Heap after GC invocations=59 (full 0):
 garbage-first heap   total 317440K, used 127149K [0x0000000080000000, 0x0000000100000000)
  region size 1024K, 9 young (9216K), 9 survivors (9216K)
 Metaspace       used 103482K, committed 104384K, reserved 1146880K
  class space    used 13757K, committed 14208K, reserved 1048576K
}
Event: 816.947 GC heap before
{Heap before GC invocations=59 (full 0):
 garbage-first heap   total 317440K, used 132269K [0x0000000080000000, 0x0000000100000000)
  region size 1024K, 15 young (15360K), 9 survivors (9216K)
 Metaspace       used 103488K, committed 104448K, reserved 1146880K
  class space    used 13757K, committed 14208K, reserved 1048576K
}
Event: 816.961 GC heap after
{Heap after GC invocations=60 (full 0):
 garbage-first heap   total 317440K, used 118397K [0x0000000080000000, 0x0000000100000000)
  region size 1024K, 2 young (2048K), 2 survivors (2048K)
 Metaspace       used 103488K, committed 104448K, reserved 1146880K
  class space    used 13757K, committed 14208K, reserved 1048576K
}
Event: 818.849 GC heap before
{Heap before GC invocations=60 (full 0):
 garbage-first heap   total 317440K, used 170621K [0x0000000080000000, 0x0000000100000000)
  region size 1024K, 55 young (56320K), 2 survivors (2048K)
 Metaspace       used 103535K, committed 104512K, reserved 1146880K
  class space    used 13758K, committed 14208K, reserved 1048576K
}
Event: 818.854 GC heap after
{Heap after GC invocations=61 (full 0):
 garbage-first heap   total 317440K, used 121531K [0x0000000080000000, 0x0000000100000000)
  region size 1024K, 5 young (5120K), 5 survivors (5120K)
 Metaspace       used 103535K, committed 104512K, reserved 1146880K
  class space    used 13758K, committed 14208K, reserved 1048576K
}
Event: 868.095 GC heap before
{Heap before GC invocations=62 (full 0):
 garbage-first heap   total 317440K, used 292539K [0x0000000080000000, 0x0000000100000000)
  region size 1024K, 108 young (110592K), 5 survivors (5120K)
 Metaspace       used 103742K, committed 104704K, reserved 1146880K
  class space    used 13760K, committed 14208K, reserved 1048576K
}
Event: 868.106 GC heap after
{Heap after GC invocations=63 (full 0):
 garbage-first heap   total 317440K, used 125646K [0x0000000080000000, 0x0000000100000000)
  region size 1024K, 9 young (9216K), 9 survivors (9216K)
 Metaspace       used 103742K, committed 104704K, reserved 1146880K
  class space    used 13760K, committed 14208K, reserved 1048576K
}
Event: 868.149 GC heap before
{Heap before GC invocations=63 (full 0):
 garbage-first heap   total 317440K, used 131790K [0x0000000080000000, 0x0000000100000000)
  region size 1024K, 15 young (15360K), 9 survivors (9216K)
 Metaspace       used 103750K, committed 104704K, reserved 1146880K
  class space    used 13760K, committed 14208K, reserved 1048576K
}
Event: 868.161 GC heap after
{Heap after GC invocations=64 (full 0):
 garbage-first heap   total 317440K, used 117829K [0x0000000080000000, 0x0000000100000000)
  region size 1024K, 2 young (2048K), 2 survivors (2048K)
 Metaspace       used 103750K, committed 104704K, reserved 1146880K
  class space    used 13760K, committed 14208K, reserved 1048576K
}
Event: 870.097 GC heap before
{Heap before GC invocations=64 (full 0):
 garbage-first heap   total 317440K, used 168005K [0x0000000080000000, 0x0000000100000000)
  region size 1024K, 53 young (54272K), 2 survivors (2048K)
 Metaspace       used 103800K, committed 104768K, reserved 1146880K
  class space    used 13760K, committed 14208K, reserved 1048576K
}
Event: 870.101 GC heap after
{Heap after GC invocations=65 (full 0):
 garbage-first heap   total 317440K, used 121382K [0x0000000080000000, 0x0000000100000000)
  region size 1024K, 5 young (5120K), 5 survivors (5120K)
 Metaspace       used 103800K, committed 104768K, reserved 1146880K
  class space    used 13760K, committed 14208K, reserved 1048576K
}
Event: 979.605 GC heap before
{Heap before GC invocations=66 (full 0):
 garbage-first heap   total 317440K, used 295462K [0x0000000080000000, 0x0000000100000000)
  region size 1024K, 111 young (113664K), 5 survivors (5120K)
 Metaspace       used 104419K, committed 105536K, reserved 1146880K
  class space    used 13877K, committed 14400K, reserved 1048576K
}
Event: 979.616 GC heap after
{Heap after GC invocations=67 (full 0):
 garbage-first heap   total 317440K, used 125594K [0x0000000080000000, 0x0000000100000000)
  region size 1024K, 9 young (9216K), 9 survivors (9216K)
 Metaspace       used 104419K, committed 105536K, reserved 1146880K
  class space    used 13877K, committed 14400K, reserved 1048576K
}
Event: 979.670 GC heap before
{Heap before GC invocations=67 (full 0):
 garbage-first heap   total 317440K, used 131738K [0x0000000080000000, 0x0000000100000000)
  region size 1024K, 15 young (15360K), 9 survivors (9216K)
 Metaspace       used 104466K, committed 105728K, reserved 1146880K
  class space    used 13887K, committed 14464K, reserved 1048576K
}
Event: 979.681 GC heap after
{Heap after GC invocations=68 (full 0):
 garbage-first heap   total 317440K, used 118380K [0x0000000080000000, 0x0000000100000000)
  region size 1024K, 2 young (2048K), 2 survivors (2048K)
 Metaspace       used 104466K, committed 105728K, reserved 1146880K
  class space    used 13887K, committed 14464K, reserved 1048576K
}
Event: 981.776 GC heap before
{Heap before GC invocations=68 (full 0):
 garbage-first heap   total 317440K, used 169580K [0x0000000080000000, 0x0000000100000000)
  region size 1024K, 54 young (55296K), 2 survivors (2048K)
 Metaspace       used 104715K, committed 105984K, reserved 1146880K
  class space    used 13944K, committed 14528K, reserved 1048576K
}

